# JRE version: Java(TM) SE Runtime Environment (8.0-b132) (build 1.8.0-b132)
# Java VM: Java HotSpot(TM) 64-Bit Server VM (25.0-b70 mixed mode bsd-amd64 compressed oops)
Heap:
 PSYoungGen      total 1536K, used 1233K [0x0000000795580000, 0x0000000795780000, 0x00000007c0000000)
  eden space 1024K, 70% used [0x0000000795580000,0x0000000795634590,0x0000000795680000)
  from space 512K, 100% used [0x0000000795680000,0x0000000795700000,0x0000000795700000)
  to   space 512K, 0% used [0x0000000795700000,0x0000000795700000,0x0000000795780000)
 ParOldGen       total 129536K, used 739K [0x0000000740000000, 0x0000000747e80000, 0x0000000795580000)
  object space 129536K, 0% used [0x0000000740000000,0x00000007400b8fb0,0x0000000747e80000)
 Metaspace       used 6454K, capacity 6604K, committed 6784K, reserved 1056768K
  class space    used 749K, capacity 811K, committed 896K, reserved 1048576K
GC Heap History (10 events):
Event: 0.215 GC heap before
{Heap before GC invocations=2 (full 0):
 PSYoungGen      total 1024K, used 1008K [0x0000000795580000, 0x0000000795780000, 0x00000007c0000000)
  eden space 512K, 100% used [0x0000000795580000,0x0000000795600000,0x0000000795600000)
  from space 512K, 96% used [0x0000000795600000,0x000000079567c010,0x0000000795680000)
  to   space 512K, 0% used [0x0000000795700000,0x0000000795700000,0x0000000795780000)
 ParOldGen       total 129536K, used 8K [0x0000000740000000, 0x0000000747e80000, 0x0000000795580000)
  object space 129536K, 0% used [0x0000000740000000,0x0000000740002000,0x0000000747e80000)
 Metaspace       used 3581K, capacity 4606K, committed 4864K, reserved 1056768K
  class space    used 401K, capacity 430K, committed 512K, reserved 1048576K
Event: 0.216 GC heap after
Heap after GC invocations=2 (full 0):
 PSYoungGen      total 1536K, used 480K [0x0000000795580000, 0x0000000795780000, 0x00000007c0000000)
  eden space 1024K, 0% used [0x0000000795580000,0x0000000795580000,0x0000000795680000)
  from space 512K, 93% used [0x0000000795700000,0x0000000795778020,0x0000000795780000)
  to   space 512K, 0% used [0x0000000795680000,0x0000000795680000,0x0000000795700000)
 ParOldGen       total 129536K, used 184K [0x0000000740000000, 0x0000000747e80000, 0x0000000795580000)
  object space 129536K, 0% used [0x0000000740000000,0x000000074002e000,0x0000000747e80000)
 Metaspace       used 3581K, capacity 4606K, committed 4864K, reserved 1056768K
  class space    used 401K, capacity 430K, committed 512K, reserved 1048576K
}
Event: 0.286 GC heap before
{Heap before GC invocations=3 (full 0):
 PSYoungGen      total 1536K, used 1004K [0x0000000795580000, 0x0000000795780000, 0x00000007c0000000)
  eden space 1024K, 51% used [0x0000000795580000,0x00000007956033c8,0x0000000795680000)
  from space 512K, 93% used [0x0000000795700000,0x0000000795778020,0x0000000795780000)
  to   space 512K, 0% used [0x0000000795680000,0x0000000795680000,0x0000000795700000)
 ParOldGen       total 129536K, used 184K [0x0000000740000000, 0x0000000747e80000, 0x0000000795580000)
  object space 129536K, 0% used [0x0000000740000000,0x000000074002e000,0x0000000747e80000)
 Metaspace       used 4574K, capacity 4734K, committed 4992K, reserved 1056768K
  class space    used 531K, capacity 558K, committed 640K, reserved 1048576K
Event: 0.289 GC heap after
Heap after GC invocations=3 (full 0):
 PSYoungGen      total 1536K, used 512K [0x0000000795580000, 0x0000000795780000, 0x00000007c0000000)
  eden space 1024K, 0% used [0x0000000795580000,0x0000000795580000,0x0000000795680000)
  from space 512K, 100% used [0x0000000795680000,0x0000000795700000,0x0000000795700000)
  to   space 512K, 0% used [0x0000000795700000,0x0000000795700000,0x0000000795780000)
 ParOldGen       total 129536K, used 280K [0x0000000740000000, 0x0000000747e80000, 0x0000000795580000)
  object space 129536K, 0% used [0x0000000740000000,0x0000000740046010,0x0000000747e80000)
 Metaspace       used 4574K, capacity 4734K, committed 4992K, reserved 1056768K
  class space    used 531K, capacity 558K, committed 640K, reserved 1048576K
}
Event: 0.289 GC heap before
{Heap before GC invocations=4 (full 1):
 PSYoungGen      total 1536K, used 512K [0x0000000795580000, 0x0000000795780000, 0x00000007c0000000)
  eden space 1024K, 0% used [0x0000000795580000,0x0000000795580000,0x0000000795680000)
  from space 512K, 100% used [0x0000000795680000,0x0000000795700000,0x0000000795700000)
  to   space 512K, 0% used [0x0000000795700000,0x0000000795700000,0x0000000795780000)
 ParOldGen       total 129536K, used 280K [0x0000000740000000, 0x0000000747e80000, 0x0000000795580000)
  object space 129536K, 0% used [0x0000000740000000,0x0000000740046010,0x0000000747e80000)
 Metaspace       used 4574K, capacity 4734K, committed 4992K, reserved 1056768K
  class space    used 531K, capacity 558K, committed 640K, reserved 1048576K
Event: 0.297 GC heap after
Heap after GC invocations=4 (full 1):
 PSYoungGen      total 1536K, used 0K [0x0000000795580000, 0x0000000795780000, 0x00000007c0000000)
  eden space 1024K, 0% used [0x0000000795580000,0x0000000795580000,0x0000000795680000)
  from space 512K, 0% used [0x0000000795680000,0x0000000795680000,0x0000000795700000)
  to   space 512K, 0% used [0x0000000795700000,0x0000000795700000,0x0000000795780000)
 ParOldGen       total 129536K, used 707K [0x0000000740000000, 0x0000000747e80000, 0x0000000795580000)
  object space 129536K, 0% used [0x0000000740000000,0x00000007400b0fb0,0x0000000747e80000)
 Metaspace       used 4574K, capacity 4734K, committed 4992K, reserved 1056768K
  class space    used 531K, capacity 558K, committed 640K, reserved 1048576K
}
Event: 7.238 GC heap before
{Heap before GC invocations=5 (full 1):
 PSYoungGen      total 1536K, used 1024K [0x0000000795580000, 0x0000000795780000, 0x00000007c0000000)
  eden space 1024K, 100% used [0x0000000795580000,0x0000000795680000,0x0000000795680000)
  from space 512K, 0% used [0x0000000795680000,0x0000000795680000,0x0000000795700000)
  to   space 512K, 0% used [0x0000000795700000,0x0000000795700000,0x0000000795780000)
 ParOldGen       total 129536K, used 707K [0x0000000740000000, 0x0000000747e80000, 0x0000000795580000)
  object space 129536K, 0% used [0x0000000740000000,0x00000007400b0fb0,0x0000000747e80000)
 Metaspace       used 5816K, capacity 5910K, committed 6144K, reserved 1056768K
  class space    used 688K, capacity 699K, committed 768K, reserved 1048576K
Event: 7.239 GC heap after
Heap after GC invocations=5 (full 1):
 PSYoungGen      total 1536K, used 384K [0x0000000795580000, 0x0000000795880000, 0x00000007c0000000)
  eden space 1024K, 0% used [0x0000000795580000,0x0000000795580000,0x0000000795680000)
  from space 512K, 75% used [0x0000000795700000,0x0000000795760000,0x0000000795780000)
  to   space 512K, 0% used [0x0000000795680000,0x0000000795680000,0x0000000795700000)
 ParOldGen       total 129536K, used 715K [0x0000000740000000, 0x0000000747e80000, 0x0000000795580000)
  object space 129536K, 0% used [0x0000000740000000,0x00000007400b2fb0,0x0000000747e80000)
 Metaspace       used 5816K, capacity 5910K, committed 6144K, reserved 1056768K
  class space    used 688K, capacity 699K, committed 768K, reserved 1048576K
}
Event: 17.774 GC heap before
{Heap before GC invocations=6 (full 1):
 PSYoungGen      total 1536K, used 1408K [0x0000000795580000, 0x0000000795880000, 0x00000007c0000000)
  eden space 1024K, 100% used [0x0000000795580000,0x0000000795680000,0x0000000795680000)
  from space 512K, 75% used [0x0000000795700000,0x0000000795760000,0x0000000795780000)
  to   space 512K, 0% used [0x0000000795680000,0x0000000795680000,0x0000000795700000)
 ParOldGen       total 129536K, used 715K [0x0000000740000000, 0x0000000747e80000, 0x0000000795580000)
  object space 129536K, 0% used [0x0000000740000000,0x00000007400b2fb0,0x0000000747e80000)
 Metaspace       used 6172K, capacity 6356K, committed 6528K, reserved 1056768K
  class space    used 727K, capacity 775K, committed 896K, reserved 1048576K
Event: 17.776 GC heap after
Heap after GC invocations=6 (full 1):
 PSYoungGen      total 1536K, used 512K [0x0000000795580000, 0x0000000795780000, 0x00000007c0000000)
  eden space 1024K, 0% used [0x0000000795580000,0x0000000795580000,0x0000000795680000)
  from space 512K, 100% used [0x0000000795680000,0x0000000795700000,0x0000000795700000)
  to   space 512K, 0% used [0x0000000795700000,0x0000000795700000,0x0000000795780000)
 ParOldGen       total 129536K, used 739K [0x0000000740000000, 0x0000000747e80000, 0x0000000795580000)
  object space 129536K, 0% used [0x0000000740000000,0x00000007400b8fb0,0x0000000747e80000)
 Metaspace       used 6172K, capacity 6356K, committed 6528K, reserved 1056768K
  class space    used 727K, capacity 775K, committed 896K, reserved 1048576K
}

